# JRE version: Java(TM) SE Runtime Environment (10.0.2+13) (build 10.0.2+13)
# Java VM: Java HotSpot(TM) 64-Bit Server VM (10.0.2+13, mixed mode, tiered, compressed oops, g1 gc, windows-amd64)
Heap:
 garbage-first heap   total 137216K, used 125184K [0x0000000081800000, 0x0000000100000000)
  region size 1024K, 1 young (1024K), 1 survivors (1024K)
 Metaspace       used 40370K, capacity 41530K, committed 41984K, reserved 1085440K
  class space    used 4676K, capacity 5268K, committed 5376K, reserved 1048576K
GC Heap History (10 events):
Event: 37.650 GC heap before
{Heap before GC invocations=16 (full 0):
 garbage-first heap   total 131072K, used 100598K [0x0000000081800000, 0x0000000100000000)
  region size 1024K, 2 young (2048K), 1 survivors (1024K)
 Metaspace       used 40326K, capacity 41530K, committed 41984K, reserved 1085440K
  class space    used 4676K, capacity 5268K, committed 5376K, reserved 1048576K
}
Event: 37.651 GC heap after
{Heap after GC invocations=17 (full 0):
 garbage-first heap   total 131072K, used 100592K [0x0000000081800000, 0x0000000100000000)
  region size 1024K, 1 young (1024K), 1 survivors (1024K)
 Metaspace       used 40326K, capacity 41530K, committed 41984K, reserved 1085440K
  class space    used 4676K, capacity 5268K, committed 5376K, reserved 1048576K
}
Event: 37.855 GC heap before
{Heap before GC invocations=18 (full 0):
 garbage-first heap   total 131072K, used 106736K [0x0000000081800000, 0x0000000100000000)
  region size 1024K, 2 young (2048K), 1 survivors (1024K)
 Metaspace       used 40337K, capacity 41530K, committed 41984K, reserved 1085440K
  class space    used 4676K, capacity 5268K, committed 5376K, reserved 1048576K
}
Event: 37.857 GC heap after
{Heap after GC invocations=19 (full 0):
 garbage-first heap   total 131072K, used 106742K [0x0000000081800000, 0x0000000100000000)
  region size 1024K, 1 young (1024K), 1 survivors (1024K)
 Metaspace       used 40337K, capacity 41530K, committed 41984K, reserved 1085440K
  class space    used 4676K, capacity 5268K, committed 5376K, reserved 1048576K
}
Event: 38.062 GC heap before
{Heap before GC invocations=20 (full 0):
 garbage-first heap   total 131072K, used 112886K [0x0000000081800000, 0x0000000100000000)
  region size 1024K, 2 young (2048K), 1 survivors (1024K)
 Metaspace       used 40346K, capacity 41530K, committed 41984K, reserved 1085440K
  class space    used 4676K, capacity 5268K, committed 5376K, reserved 1048576K
}
Event: 38.063 GC heap after
{Heap after GC invocations=21 (full 0):
 garbage-first heap   total 131072K, used 112888K [0x0000000081800000, 0x0000000100000000)
  region size 1024K, 1 young (1024K), 1 survivors (1024K)
 Metaspace       used 40346K, capacity 41530K, committed 41984K, reserved 1085440K
  class space    used 4676K, capacity 5268K, committed 5376K, reserved 1048576K
}
Event: 39.010 GC heap before
{Heap before GC invocations=22 (full 0):
 garbage-first heap   total 131072K, used 119032K [0x0000000081800000, 0x0000000100000000)
  region size 1024K, 2 young (2048K), 1 survivors (1024K)
 Metaspace       used 40356K, capacity 41530K, committed 41984K, reserved 1085440K
  class space    used 4676K, capacity 5268K, committed 5376K, reserved 1048576K
}
Event: 39.012 GC heap after
{Heap after GC invocations=23 (full 0):
 garbage-first heap   total 131072K, used 119036K [0x0000000081800000, 0x0000000100000000)
  region size 1024K, 1 young (1024K), 1 survivors (1024K)
 Metaspace       used 40356K, capacity 41530K, committed 41984K, reserved 1085440K
  class space    used 4676K, capacity 5268K, committed 5376K, reserved 1048576K
}
Event: 39.177 GC heap before
{Heap before GC invocations=24 (full 0):
 garbage-first heap   total 131072K, used 125180K [0x0000000081800000, 0x0000000100000000)
  region size 1024K, 2 young (2048K), 1 survivors (1024K)
 Metaspace       used 40369K, capacity 41530K, committed 41984K, reserved 1085440K
  class space    used 4676K, capacity 5268K, committed 5376K, reserved 1048576K
}
Event: 39.178 GC heap after
{Heap after GC invocations=25 (full 0):
 garbage-first heap   total 131072K, used 125184K [0x0000000081800000, 0x0000000100000000)
  region size 1024K, 1 young (1024K), 1 survivors (1024K)
 Metaspace       used 40369K, capacity 41530K, committed 41984K, reserved 1085440K
  class space    used 4676K, capacity 5268K, committed 5376K, reserved 1048576K
}

