# JRE version: Java(TM) SE Runtime Environment (10.0.2+13) (build 10.0.2+13)
# Java VM: Java HotSpot(TM) 64-Bit Server VM (10.0.2+13, mixed mode, tiered, compressed oops, g1 gc, windows-amd64)
Heap:
 garbage-first heap   total 149504K, used 142336K [0x0000000081800000, 0x0000000100000000)
  region size 1024K, 7 young (7168K), 1 survivors (1024K)
 Metaspace       used 32510K, capacity 33586K, committed 33920K, reserved 1079296K
  class space    used 3903K, capacity 4407K, committed 4480K, reserved 1048576K
GC Heap History (10 events):
Event: 1.760 GC heap after
{Heap after GC invocations=3 (full 0):
 garbage-first heap   total 131072K, used 9595K [0x0000000081800000, 0x0000000100000000)
  region size 1024K, 2 young (2048K), 2 survivors (2048K)
 Metaspace       used 20665K, capacity 21175K, committed 21248K, reserved 1069056K
  class space    used 2252K, capacity 2526K, committed 2560K, reserved 1048576K
}
Event: 6.229 GC heap before
{Heap before GC invocations=4 (full 0):
 garbage-first heap   total 131072K, used 51579K [0x0000000081800000, 0x0000000100000000)
  region size 1024K, 33 young (33792K), 2 survivors (2048K)
 Metaspace       used 31798K, capacity 32816K, committed 33152K, reserved 1077248K
  class space    used 3886K, capacity 4362K, committed 4480K, reserved 1048576K
}
Event: 6.240 GC heap after
{Heap after GC invocations=5 (full 0):
 garbage-first heap   total 131072K, used 32762K [0x0000000081800000, 0x0000000100000000)
  region size 1024K, 5 young (5120K), 5 survivors (5120K)
 Metaspace       used 31798K, capacity 32816K, committed 33152K, reserved 1077248K
  class space    used 3886K, capacity 4362K, committed 4480K, reserved 1048576K
}
Event: 12.534 GC heap before
{Heap before GC invocations=5 (full 0):
 garbage-first heap   total 131072K, used 75770K [0x0000000081800000, 0x0000000100000000)
  region size 1024K, 18 young (18432K), 5 survivors (5120K)
 Metaspace       used 32293K, capacity 33391K, committed 33664K, reserved 1079296K
  class space    used 3902K, capacity 4406K, committed 4480K, reserved 1048576K
}
Event: 12.542 GC heap after
{Heap after GC invocations=6 (full 0):
 garbage-first heap   total 131072K, used 74752K [0x0000000081800000, 0x0000000100000000)
  region size 1024K, 6 young (6144K), 6 survivors (6144K)
 Metaspace       used 32293K, capacity 33391K, committed 33664K, reserved 1079296K
  class space    used 3902K, capacity 4406K, committed 4480K, reserved 1048576K
}
Event: 13.926 GC heap before
{Heap before GC invocations=7 (full 0):
 garbage-first heap   total 131072K, used 131072K [0x0000000081800000, 0x0000000100000000)
  region size 1024K, 14 young (14336K), 6 survivors (6144K)
 Metaspace       used 32488K, capacity 33585K, committed 33920K, reserved 1079296K
  class space    used 3903K, capacity 4407K, committed 4480K, reserved 1048576K
}
Event: 13.931 GC heap after
{Heap after GC invocations=8 (full 0):
 garbage-first heap   total 145408K, used 130485K [0x0000000081800000, 0x0000000100000000)
  region size 1024K, 3 young (3072K), 3 survivors (3072K)
 Metaspace       used 32488K, capacity 33585K, committed 33920K, reserved 1079296K
  class space    used 3903K, capacity 4407K, committed 4480K, reserved 1048576K
}
Event: 14.030 GC heap before
{Heap before GC invocations=8 (full 0):
 garbage-first heap   total 145408K, used 140725K [0x0000000081800000, 0x0000000100000000)
  region size 1024K, 7 young (7168K), 3 survivors (3072K)
 Metaspace       used 32510K, capacity 33586K, committed 33920K, reserved 1079296K
  class space    used 3903K, capacity 4407K, committed 4480K, reserved 1048576K
}
Event: 14.033 GC heap after
{Heap after GC invocations=9 (full 0):
 garbage-first heap   total 146432K, used 136192K [0x0000000081800000, 0x0000000100000000)
  region size 1024K, 1 young (1024K), 1 survivors (1024K)
 Metaspace       used 32510K, capacity 33586K, committed 33920K, reserved 1079296K
  class space    used 3903K, capacity 4407K, committed 4480K, reserved 1048576K
}
Event: 14.094 GC heap before
{Heap before GC invocations=9 (full 0):
 garbage-first heap   total 146432K, used 142336K [0x0000000081800000, 0x0000000100000000)
  region size 1024K, 7 young (7168K), 1 survivors (1024K)
 Metaspace       used 32510K, capacity 33586K, committed 33920K, reserved 1079296K
  class space    used 3903K, capacity 4407K, committed 4480K, reserved 1048576K
}

