# JRE version: Java(TM) SE Runtime Environment (10.0.2+13) (build 10.0.2+13)
# Java VM: Java HotSpot(TM) 64-Bit Server VM (10.0.2+13, mixed mode, tiered, compressed oops, g1 gc, windows-amd64)
Heap:
 garbage-first heap   total 178176K, used 169984K [0x0000000081800000, 0x0000000100000000)
  region size 1024K, 8 young (8192K), 1 survivors (1024K)
 Metaspace       used 41444K, capacity 42681K, committed 43212K, reserved 1087488K
  class space    used 4696K, capacity 5304K, committed 5324K, reserved 1048576K
GC Heap History (10 events):
Event: 168.312 GC heap after
{Heap after GC invocations=27 (full 0):
 garbage-first heap   total 152576K, used 143761K [0x0000000081800000, 0x0000000100000000)
  region size 1024K, 1 young (1024K), 1 survivors (1024K)
 Metaspace       used 41347K, capacity 42517K, committed 42956K, reserved 1087488K
  class space    used 4694K, capacity 5272K, committed 5324K, reserved 1048576K
}
Event: 176.300 GC heap before
{Heap before GC invocations=27 (full 0):
 garbage-first heap   total 152576K, used 149905K [0x0000000081800000, 0x0000000100000000)
  region size 1024K, 7 young (7168K), 1 survivors (1024K)
 Metaspace       used 41408K, capacity 42581K, committed 42956K, reserved 1087488K
  class space    used 4694K, capacity 5272K, committed 5324K, reserved 1048576K
}
Event: 176.303 GC heap after
{Heap after GC invocations=28 (full 0):
 garbage-first heap   total 157696K, used 149794K [0x0000000081800000, 0x0000000100000000)
  region size 1024K, 1 young (1024K), 1 survivors (1024K)
 Metaspace       used 41408K, capacity 42581K, committed 42956K, reserved 1087488K
  class space    used 4694K, capacity 5272K, committed 5324K, reserved 1048576K
}
Event: 178.699 GC heap before
{Heap before GC invocations=29 (full 0):
 garbage-first heap   total 157696K, used 155938K [0x0000000081800000, 0x0000000100000000)
  region size 1024K, 7 young (7168K), 1 survivors (1024K)
 Metaspace       used 41413K, capacity 42581K, committed 42956K, reserved 1087488K
  class space    used 4694K, capacity 5272K, committed 5324K, reserved 1048576K
}
Event: 178.702 GC heap after
{Heap after GC invocations=30 (full 0):
 garbage-first heap   total 162816K, used 155648K [0x0000000081800000, 0x0000000100000000)
  region size 1024K, 1 young (1024K), 1 survivors (1024K)
 Metaspace       used 41413K, capacity 42581K, committed 42956K, reserved 1087488K
  class space    used 4694K, capacity 5272K, committed 5324K, reserved 1048576K
}
Event: 180.125 GC heap before
{Heap before GC invocations=30 (full 0):
 garbage-first heap   total 162816K, used 161792K [0x0000000081800000, 0x0000000100000000)
  region size 1024K, 7 young (7168K), 1 survivors (1024K)
 Metaspace       used 41418K, capacity 42581K, committed 42956K, reserved 1087488K
  class space    used 4694K, capacity 5272K, committed 5324K, reserved 1048576K
}
Event: 180.129 GC heap after
{Heap after GC invocations=31 (full 0):
 garbage-first heap   total 169984K, used 159744K [0x0000000081800000, 0x0000000100000000)
  region size 1024K, 1 young (1024K), 1 survivors (1024K)
 Metaspace       used 41418K, capacity 42581K, committed 42956K, reserved 1087488K
  class space    used 4694K, capacity 5272K, committed 5324K, reserved 1048576K
}
Event: 180.158 GC heap before
{Heap before GC invocations=31 (full 0):
 garbage-first heap   total 169984K, used 163840K [0x0000000081800000, 0x0000000100000000)
  region size 1024K, 6 young (6144K), 1 survivors (1024K)
 Metaspace       used 41421K, capacity 42645K, committed 43212K, reserved 1087488K
  class space    used 4694K, capacity 5272K, committed 5324K, reserved 1048576K
}
Event: 180.160 GC heap after
{Heap after GC invocations=32 (full 0):
 garbage-first heap   total 171008K, used 164864K [0x0000000081800000, 0x0000000100000000)
  region size 1024K, 1 young (1024K), 1 survivors (1024K)
 Metaspace       used 41421K, capacity 42645K, committed 43212K, reserved 1087488K
  class space    used 4694K, capacity 5272K, committed 5324K, reserved 1048576K
}
Event: 180.936 GC heap before
{Heap before GC invocations=33 (full 0):
 garbage-first heap   total 177152K, used 169984K [0x0000000081800000, 0x0000000100000000)
  region size 1024K, 8 young (8192K), 1 survivors (1024K)
 Metaspace       used 41444K, capacity 42681K, committed 43212K, reserved 1087488K
  class space    used 4696K, capacity 5304K, committed 5324K, reserved 1048576K
}

