# JRE version: Java(TM) SE Runtime Environment (10.0.2+13) (build 10.0.2+13)
# Java VM: Java HotSpot(TM) 64-Bit Server VM (10.0.2+13, mixed mode, tiered, compressed oops, g1 gc, windows-amd64)
Heap:
 garbage-first heap   total 150528K, used 133566K [0x0000000081800000, 0x0000000100000000)
  region size 1024K, 2 young (2048K), 1 survivors (1024K)
 Metaspace       used 32690K, capacity 33787K, committed 34176K, reserved 1079296K
  class space    used 3905K, capacity 4408K, committed 4480K, reserved 1048576K
GC Heap History (10 events):
Event: 15.564 GC heap before
{Heap before GC invocations=12 (full 0):
 garbage-first heap   total 131072K, used 112526K [0x0000000081800000, 0x0000000100000000)
  region size 1024K, 6 young (6144K), 2 survivors (2048K)
 Metaspace       used 32464K, capacity 33509K, committed 33920K, reserved 1079296K
  class space    used 3899K, capacity 4398K, committed 4480K, reserved 1048576K
}
Event: 15.565 GC heap after
{Heap after GC invocations=13 (full 0):
 garbage-first heap   total 131072K, used 109350K [0x0000000081800000, 0x0000000100000000)
  region size 1024K, 1 young (1024K), 1 survivors (1024K)
 Metaspace       used 32464K, capacity 33509K, committed 33920K, reserved 1079296K
  class space    used 3899K, capacity 4398K, committed 4480K, reserved 1048576K
}
Event: 15.597 GC heap before
{Heap before GC invocations=13 (full 0):
 garbage-first heap   total 131072K, used 113446K [0x0000000081800000, 0x0000000100000000)
  region size 1024K, 6 young (6144K), 1 survivors (1024K)
 Metaspace       used 32468K, capacity 33509K, committed 33920K, reserved 1079296K
  class space    used 3899K, capacity 4398K, committed 4480K, reserved 1048576K
}
Event: 15.600 GC heap after
{Heap after GC invocations=14 (full 0):
 garbage-first heap   total 131072K, used 113711K [0x0000000081800000, 0x0000000100000000)
  region size 1024K, 1 young (1024K), 1 survivors (1024K)
 Metaspace       used 32468K, capacity 33509K, committed 33920K, reserved 1079296K
  class space    used 3899K, capacity 4398K, committed 4480K, reserved 1048576K
}
Event: 15.786 GC heap before
{Heap before GC invocations=15 (full 0):
 garbage-first heap   total 131072K, used 118831K [0x0000000081800000, 0x0000000100000000)
  region size 1024K, 6 young (6144K), 1 survivors (1024K)
 Metaspace       used 32479K, capacity 33573K, committed 33920K, reserved 1079296K
  class space    used 3899K, capacity 4398K, committed 4480K, reserved 1048576K
}
Event: 15.788 GC heap after
{Heap after GC invocations=16 (full 0):
 garbage-first heap   total 131072K, used 118723K [0x0000000081800000, 0x0000000100000000)
  region size 1024K, 1 young (1024K), 1 survivors (1024K)
 Metaspace       used 32479K, capacity 33573K, committed 33920K, reserved 1079296K
  class space    used 3899K, capacity 4398K, committed 4480K, reserved 1048576K
}
Event: 16.682 GC heap before
{Heap before GC invocations=16 (full 0):
 garbage-first heap   total 137216K, used 132035K [0x0000000081800000, 0x0000000100000000)
  region size 1024K, 6 young (6144K), 1 survivors (1024K)
 Metaspace       used 32524K, capacity 33573K, committed 33920K, reserved 1079296K
  class space    used 3899K, capacity 4398K, committed 4480K, reserved 1048576K
}
Event: 16.685 GC heap after
{Heap after GC invocations=17 (full 0):
 garbage-first heap   total 137216K, used 126952K [0x0000000081800000, 0x0000000100000000)
  region size 1024K, 1 young (1024K), 1 survivors (1024K)
 Metaspace       used 32524K, capacity 33573K, committed 33920K, reserved 1079296K
  class space    used 3899K, capacity 4398K, committed 4480K, reserved 1048576K
}
Event: 19.851 GC heap before
{Heap before GC invocations=17 (full 0):
 garbage-first heap   total 137216K, used 132072K [0x0000000081800000, 0x0000000100000000)
  region size 1024K, 6 young (6144K), 1 survivors (1024K)
 Metaspace       used 32625K, capacity 33701K, committed 34176K, reserved 1079296K
  class space    used 3900K, capacity 4398K, committed 4480K, reserved 1048576K
}
Event: 19.854 GC heap after
{Heap after GC invocations=18 (full 0):
 garbage-first heap   total 138240K, used 131518K [0x0000000081800000, 0x0000000100000000)
  region size 1024K, 1 young (1024K), 1 survivors (1024K)
 Metaspace       used 32625K, capacity 33701K, committed 34176K, reserved 1079296K
  class space    used 3900K, capacity 4398K, committed 4480K, reserved 1048576K
}

